[2018-03-26 21:43:38,004: DEBUG/MainProcess] | Worker: Preparing bootsteps.
[2018-03-26 21:43:38,017: DEBUG/MainProcess] | Worker: Building graph...
[2018-03-26 21:43:38,018: DEBUG/MainProcess] | Worker: New boot order: {Beat, Timer, Hub, Pool, Autoscaler, StateDB, Consumer}
[2018-03-26 21:43:38,043: DEBUG/MainProcess] | Consumer: Preparing bootsteps.
[2018-03-26 21:43:38,044: DEBUG/MainProcess] | Consumer: Building graph...
[2018-03-26 21:43:38,085: DEBUG/MainProcess] | Consumer: New boot order: {Connection, Agent, Events, Mingle, Gossip, Tasks, Control, Heart, event loop}
[2018-03-26 21:43:38,135: DEBUG/MainProcess] | Worker: Starting Hub
[2018-03-26 21:43:38,135: DEBUG/MainProcess] ^-- substep ok
[2018-03-26 21:43:38,135: DEBUG/MainProcess] | Worker: Starting Pool
[2018-03-26 21:43:38,155: DEBUG/MainProcess] ^-- substep ok
[2018-03-26 21:43:38,155: DEBUG/MainProcess] | Worker: Starting Consumer
[2018-03-26 21:43:38,156: DEBUG/MainProcess] | Consumer: Starting Connection
[2018-03-26 21:43:38,206: INFO/MainProcess] Connected to redis://localhost:6379//
[2018-03-26 21:43:38,206: DEBUG/MainProcess] ^-- substep ok
[2018-03-26 21:43:38,206: DEBUG/MainProcess] | Consumer: Starting Events
[2018-03-26 21:43:38,214: DEBUG/MainProcess] ^-- substep ok
[2018-03-26 21:43:38,214: DEBUG/MainProcess] | Consumer: Starting Mingle
[2018-03-26 21:43:38,214: INFO/MainProcess] mingle: searching for neighbors
[2018-03-26 21:43:39,284: INFO/MainProcess] mingle: sync with 1 nodes
[2018-03-26 21:43:39,285: DEBUG/MainProcess] mingle: processing reply from celery@calmyan
[2018-03-26 21:43:39,285: INFO/MainProcess] mingle: sync complete
[2018-03-26 21:43:39,285: DEBUG/MainProcess] ^-- substep ok
[2018-03-26 21:43:39,285: DEBUG/MainProcess] | Consumer: Starting Gossip
[2018-03-26 21:43:39,289: DEBUG/MainProcess] ^-- substep ok
[2018-03-26 21:43:39,289: DEBUG/MainProcess] | Consumer: Starting Tasks
[2018-03-26 21:43:39,294: DEBUG/MainProcess] ^-- substep ok
[2018-03-26 21:43:39,294: DEBUG/MainProcess] | Consumer: Starting Control
[2018-03-26 21:43:39,296: DEBUG/MainProcess] ^-- substep ok
[2018-03-26 21:43:39,297: DEBUG/MainProcess] | Consumer: Starting Heart
[2018-03-26 21:43:39,298: DEBUG/MainProcess] ^-- substep ok
[2018-03-26 21:43:39,299: DEBUG/MainProcess] | Consumer: Starting event loop
[2018-03-26 21:43:39,299: DEBUG/MainProcess] | Worker: Hub.register Pool...
[2018-03-26 21:43:39,299: INFO/MainProcess] w1@calmyan ready.
[2018-03-26 21:43:39,300: DEBUG/MainProcess] basic.qos: prefetch_count->4
[2018-03-26 21:43:39,820: DEBUG/MainProcess] celery@calmyan joined the party
[2018-03-26 21:43:40,676: DEBUG/MainProcess] worker@calmyan joined the party
[2018-03-26 21:44:11,900: DEBUG/MainProcess] w2@calmyan joined the party
[2018-03-26 21:44:11,921: DEBUG/MainProcess] pidbox received method hello(from_node='w2@calmyan', revoked={}) [reply_to:{'exchange': 'reply.celery.pidbox', 'routing_key': '3e59a841-26e2-3323-a18f-2dd4f5f51079'} ticket:0f997667-cf7f-4dbd-ad09-8e52204e13e4]
[2018-03-26 21:44:11,922: INFO/MainProcess] sync with w2@calmyan
[2018-03-26 21:44:34,301: INFO/MainProcess] missed heartbeat from celery@calmyan
[2018-03-26 21:46:07,672: DEBUG/MainProcess] w21@calmyan joined the party
[2018-03-26 21:46:07,692: DEBUG/MainProcess] pidbox received method hello(from_node='w21@calmyan', revoked={}) [reply_to:{'exchange': 'reply.celery.pidbox', 'routing_key': '83811c59-25f5-31e9-b760-5480c48eab28'} ticket:6e2767d2-e0a6-4606-827b-376897eedd42]
[2018-03-26 21:46:07,693: INFO/MainProcess] sync with w21@calmyan
[2018-03-26 21:46:54,513: DEBUG/MainProcess] pidbox received method hello(from_node='w6@calmyan', revoked={}) [reply_to:{'exchange': 'reply.celery.pidbox', 'routing_key': 'c4c2278c-9134-3fc1-b378-e2b7007a96d7'} ticket:c628f236-1d91-4ac8-a8b5-8d23c77c857f]
[2018-03-26 21:46:54,514: INFO/MainProcess] sync with w6@calmyan
[2018-03-26 21:46:55,541: DEBUG/MainProcess] w6@calmyan joined the party
[2018-03-27 08:53:23,286: DEBUG/MainProcess] | Worker: Closing Hub...
[2018-03-27 08:53:23,286: DEBUG/MainProcess] | Worker: Closing Pool...
[2018-03-27 08:53:23,287: DEBUG/MainProcess] | Worker: Closing Consumer...
[2018-03-27 08:53:23,288: DEBUG/MainProcess] | Worker: Stopping Consumer...
[2018-03-27 08:53:23,289: DEBUG/MainProcess] | Consumer: Closing Connection...
[2018-03-27 08:53:23,289: DEBUG/MainProcess] | Consumer: Closing Events...
[2018-03-27 08:53:23,289: DEBUG/MainProcess] | Consumer: Closing Mingle...
[2018-03-27 08:53:23,289: DEBUG/MainProcess] | Consumer: Closing Gossip...
[2018-03-27 08:53:23,289: DEBUG/MainProcess] | Consumer: Closing Tasks...
[2018-03-27 08:53:23,289: DEBUG/MainProcess] | Consumer: Closing Control...
[2018-03-27 08:53:23,290: DEBUG/MainProcess] | Consumer: Closing Heart...
[2018-03-27 08:53:23,290: DEBUG/MainProcess] | Consumer: Closing event loop...
[2018-03-27 08:53:23,290: DEBUG/MainProcess] | Consumer: Stopping event loop...
[2018-03-27 08:53:23,290: DEBUG/MainProcess] | Consumer: Stopping Heart...
[2018-03-27 08:53:23,299: DEBUG/MainProcess] | Consumer: Stopping Control...
[2018-03-27 08:53:23,300: DEBUG/MainProcess] | Consumer: Stopping Tasks...
[2018-03-27 08:53:23,301: DEBUG/MainProcess] Canceling task consumer...
[2018-03-27 08:53:23,301: DEBUG/MainProcess] | Consumer: Stopping Gossip...
[2018-03-27 08:53:23,309: DEBUG/MainProcess] | Consumer: Stopping Mingle...
[2018-03-27 08:53:23,309: DEBUG/MainProcess] | Consumer: Stopping Events...
[2018-03-27 08:53:23,309: DEBUG/MainProcess] | Consumer: Stopping Connection...
[2018-03-27 08:53:23,309: DEBUG/MainProcess] | Worker: Stopping Pool...
[2018-03-27 08:53:24,316: DEBUG/MainProcess] | Worker: Stopping Hub...
[2018-03-27 08:53:24,316: DEBUG/MainProcess] | Consumer: Shutdown Heart...
[2018-03-27 08:53:24,316: DEBUG/MainProcess] | Consumer: Shutdown Control...
[2018-03-27 08:53:24,316: DEBUG/MainProcess] | Consumer: Shutdown Tasks...
[2018-03-27 08:53:24,317: DEBUG/MainProcess] Canceling task consumer...
[2018-03-27 08:53:24,317: DEBUG/MainProcess] Closing consumer channel...
[2018-03-27 08:53:24,317: DEBUG/MainProcess] | Consumer: Shutdown Gossip...
[2018-03-27 08:53:24,317: DEBUG/MainProcess] | Consumer: Shutdown Events...
[2018-03-27 08:53:24,317: DEBUG/MainProcess] | Consumer: Shutdown Connection...
[2018-03-27 08:53:24,318: DEBUG/MainProcess] removing tasks from inqueue until task handler finished
