[2018-03-26 21:44:11,779: DEBUG/MainProcess] | Worker: Preparing bootsteps.
[2018-03-26 21:44:11,781: DEBUG/MainProcess] | Worker: Building graph...
[2018-03-26 21:44:11,781: DEBUG/MainProcess] | Worker: New boot order: {Beat, StateDB, Timer, Hub, Pool, Autoscaler, Consumer}
[2018-03-26 21:44:11,806: DEBUG/MainProcess] | Consumer: Preparing bootsteps.
[2018-03-26 21:44:11,807: DEBUG/MainProcess] | Consumer: Building graph...
[2018-03-26 21:44:11,830: DEBUG/MainProcess] | Consumer: New boot order: {Connection, Events, Heart, Mingle, Tasks, Control, Gossip, Agent, event loop}
[2018-03-26 21:44:11,848: DEBUG/MainProcess] | Worker: Starting Hub
[2018-03-26 21:44:11,848: DEBUG/MainProcess] ^-- substep ok
[2018-03-26 21:44:11,848: DEBUG/MainProcess] | Worker: Starting Pool
[2018-03-26 21:44:11,862: DEBUG/MainProcess] ^-- substep ok
[2018-03-26 21:44:11,863: DEBUG/MainProcess] | Worker: Starting Consumer
[2018-03-26 21:44:11,863: DEBUG/MainProcess] | Consumer: Starting Connection
[2018-03-26 21:44:11,886: INFO/MainProcess] Connected to redis://localhost:6379//
[2018-03-26 21:44:11,886: DEBUG/MainProcess] ^-- substep ok
[2018-03-26 21:44:11,886: DEBUG/MainProcess] | Consumer: Starting Events
[2018-03-26 21:44:11,896: DEBUG/MainProcess] ^-- substep ok
[2018-03-26 21:44:11,897: DEBUG/MainProcess] | Consumer: Starting Heart
[2018-03-26 21:44:11,901: DEBUG/MainProcess] ^-- substep ok
[2018-03-26 21:44:11,902: DEBUG/MainProcess] | Consumer: Starting Mingle
[2018-03-26 21:44:11,902: INFO/MainProcess] mingle: searching for neighbors
[2018-03-26 21:44:12,933: INFO/MainProcess] mingle: sync with 3 nodes
[2018-03-26 21:44:12,934: DEBUG/MainProcess] mingle: processing reply from celery@calmyan
[2018-03-26 21:44:12,934: DEBUG/MainProcess] mingle: processing reply from worker@calmyan
[2018-03-26 21:44:12,934: DEBUG/MainProcess] mingle: processing reply from w1@calmyan
[2018-03-26 21:44:12,934: INFO/MainProcess] mingle: sync complete
[2018-03-26 21:44:12,935: DEBUG/MainProcess] ^-- substep ok
[2018-03-26 21:44:12,935: DEBUG/MainProcess] | Consumer: Starting Tasks
[2018-03-26 21:44:12,938: DEBUG/MainProcess] ^-- substep ok
[2018-03-26 21:44:12,939: DEBUG/MainProcess] | Consumer: Starting Control
[2018-03-26 21:44:12,942: DEBUG/MainProcess] ^-- substep ok
[2018-03-26 21:44:12,942: DEBUG/MainProcess] | Consumer: Starting Gossip
[2018-03-26 21:44:12,944: DEBUG/MainProcess] ^-- substep ok
[2018-03-26 21:44:12,944: DEBUG/MainProcess] | Consumer: Starting event loop
[2018-03-26 21:44:12,944: DEBUG/MainProcess] | Worker: Hub.register Pool...
[2018-03-26 21:44:12,945: INFO/MainProcess] w2@calmyan ready.
[2018-03-26 21:44:12,945: DEBUG/MainProcess] basic.qos: prefetch_count->4
[2018-03-26 21:44:13,365: DEBUG/MainProcess] w1@calmyan joined the party
[2018-03-26 21:44:13,882: DEBUG/MainProcess] celery@calmyan joined the party
[2018-03-26 21:44:14,744: DEBUG/MainProcess] worker@calmyan joined the party
[2018-03-26 21:44:37,948: INFO/MainProcess] missed heartbeat from celery@calmyan
[2018-03-26 21:46:07,674: DEBUG/MainProcess] w21@calmyan joined the party
[2018-03-26 21:46:07,697: DEBUG/MainProcess] pidbox received method hello(from_node='w21@calmyan', revoked={}) [reply_to:{'exchange': 'reply.celery.pidbox', 'routing_key': '83811c59-25f5-31e9-b760-5480c48eab28'} ticket:6e2767d2-e0a6-4606-827b-376897eedd42]
[2018-03-26 21:46:07,697: INFO/MainProcess] sync with w21@calmyan
[2018-03-26 21:46:54,516: DEBUG/MainProcess] pidbox received method hello(from_node='w6@calmyan', revoked={}) [reply_to:{'exchange': 'reply.celery.pidbox', 'routing_key': 'c4c2278c-9134-3fc1-b378-e2b7007a96d7'} ticket:c628f236-1d91-4ac8-a8b5-8d23c77c857f]
[2018-03-26 21:46:54,516: INFO/MainProcess] sync with w6@calmyan
[2018-03-26 21:46:55,543: DEBUG/MainProcess] w6@calmyan joined the party
[2018-03-27 08:53:23,281: DEBUG/MainProcess] | Worker: Closing Hub...
[2018-03-27 08:53:23,281: DEBUG/MainProcess] | Worker: Closing Pool...
[2018-03-27 08:53:23,281: DEBUG/MainProcess] | Worker: Closing Consumer...
[2018-03-27 08:53:23,282: DEBUG/MainProcess] | Worker: Stopping Consumer...
[2018-03-27 08:53:23,282: DEBUG/MainProcess] | Consumer: Closing Connection...
[2018-03-27 08:53:23,282: DEBUG/MainProcess] | Consumer: Closing Events...
[2018-03-27 08:53:23,282: DEBUG/MainProcess] | Consumer: Closing Heart...
[2018-03-27 08:53:23,282: DEBUG/MainProcess] | Consumer: Closing Mingle...
[2018-03-27 08:53:23,282: DEBUG/MainProcess] | Consumer: Closing Tasks...
[2018-03-27 08:53:23,282: DEBUG/MainProcess] | Consumer: Closing Control...
[2018-03-27 08:53:23,282: DEBUG/MainProcess] | Consumer: Closing Gossip...
[2018-03-27 08:53:23,283: DEBUG/MainProcess] | Consumer: Closing event loop...
[2018-03-27 08:53:23,283: DEBUG/MainProcess] | Consumer: Stopping event loop...
[2018-03-27 08:53:23,283: DEBUG/MainProcess] | Consumer: Stopping Gossip...
[2018-03-27 08:53:23,297: DEBUG/MainProcess] | Consumer: Stopping Control...
[2018-03-27 08:53:23,303: DEBUG/MainProcess] | Consumer: Stopping Tasks...
[2018-03-27 08:53:23,303: DEBUG/MainProcess] Canceling task consumer...
[2018-03-27 08:53:23,303: DEBUG/MainProcess] | Consumer: Stopping Mingle...
[2018-03-27 08:53:23,303: DEBUG/MainProcess] | Consumer: Stopping Heart...
[2018-03-27 08:53:23,307: DEBUG/MainProcess] | Consumer: Stopping Events...
[2018-03-27 08:53:23,307: DEBUG/MainProcess] | Consumer: Stopping Connection...
[2018-03-27 08:53:23,307: DEBUG/MainProcess] | Worker: Stopping Pool...
[2018-03-27 08:53:24,311: DEBUG/MainProcess] | Worker: Stopping Hub...
[2018-03-27 08:53:24,311: DEBUG/MainProcess] | Consumer: Shutdown Gossip...
[2018-03-27 08:53:24,311: DEBUG/MainProcess] | Consumer: Shutdown Control...
[2018-03-27 08:53:24,311: DEBUG/MainProcess] | Consumer: Shutdown Tasks...
[2018-03-27 08:53:24,311: DEBUG/MainProcess] Canceling task consumer...
[2018-03-27 08:53:24,312: DEBUG/MainProcess] Closing consumer channel...
[2018-03-27 08:53:24,312: DEBUG/MainProcess] | Consumer: Shutdown Heart...
[2018-03-27 08:53:24,312: DEBUG/MainProcess] | Consumer: Shutdown Events...
[2018-03-27 08:53:24,312: DEBUG/MainProcess] | Consumer: Shutdown Connection...
[2018-03-27 08:53:24,314: DEBUG/MainProcess] removing tasks from inqueue until task handler finished
