[2018-03-26 21:43:38,570: DEBUG/MainProcess] | Worker: Preparing bootsteps.
[2018-03-26 21:43:38,572: DEBUG/MainProcess] | Worker: Building graph...
[2018-03-26 21:43:38,572: DEBUG/MainProcess] | Worker: New boot order: {Timer, Hub, Pool, Autoscaler, Beat, StateDB, Consumer}
[2018-03-26 21:43:38,586: DEBUG/MainProcess] | Consumer: Preparing bootsteps.
[2018-03-26 21:43:38,587: DEBUG/MainProcess] | Consumer: Building graph...
[2018-03-26 21:43:38,606: DEBUG/MainProcess] | Consumer: New boot order: {Connection, Events, Heart, Agent, Mingle, Gossip, Tasks, Control, event loop}
[2018-03-26 21:43:38,623: DEBUG/MainProcess] | Worker: Starting Hub
[2018-03-26 21:43:38,623: DEBUG/MainProcess] ^-- substep ok
[2018-03-26 21:43:38,623: DEBUG/MainProcess] | Worker: Starting Pool
[2018-03-26 21:43:38,638: DEBUG/MainProcess] ^-- substep ok
[2018-03-26 21:43:38,638: DEBUG/MainProcess] | Worker: Starting Consumer
[2018-03-26 21:43:38,639: DEBUG/MainProcess] | Consumer: Starting Connection
[2018-03-26 21:43:38,660: INFO/MainProcess] Connected to redis://localhost:6379//
[2018-03-26 21:43:38,660: DEBUG/MainProcess] ^-- substep ok
[2018-03-26 21:43:38,660: DEBUG/MainProcess] | Consumer: Starting Events
[2018-03-26 21:43:38,669: DEBUG/MainProcess] ^-- substep ok
[2018-03-26 21:43:38,669: DEBUG/MainProcess] | Consumer: Starting Heart
[2018-03-26 21:43:38,672: DEBUG/MainProcess] ^-- substep ok
[2018-03-26 21:43:38,672: DEBUG/MainProcess] | Consumer: Starting Mingle
[2018-03-26 21:43:38,672: INFO/MainProcess] mingle: searching for neighbors
[2018-03-26 21:43:39,698: INFO/MainProcess] mingle: sync with 1 nodes
[2018-03-26 21:43:39,700: DEBUG/MainProcess] mingle: processing reply from celery@calmyan
[2018-03-26 21:43:39,700: INFO/MainProcess] mingle: sync complete
[2018-03-26 21:43:39,700: DEBUG/MainProcess] ^-- substep ok
[2018-03-26 21:43:39,700: DEBUG/MainProcess] | Consumer: Starting Gossip
[2018-03-26 21:43:39,704: DEBUG/MainProcess] ^-- substep ok
[2018-03-26 21:43:39,704: DEBUG/MainProcess] | Consumer: Starting Tasks
[2018-03-26 21:43:39,707: DEBUG/MainProcess] ^-- substep ok
[2018-03-26 21:43:39,707: DEBUG/MainProcess] | Consumer: Starting Control
[2018-03-26 21:43:39,709: DEBUG/MainProcess] ^-- substep ok
[2018-03-26 21:43:39,709: DEBUG/MainProcess] | Consumer: Starting event loop
[2018-03-26 21:43:39,709: DEBUG/MainProcess] | Worker: Hub.register Pool...
[2018-03-26 21:43:39,710: INFO/MainProcess] worker@calmyan ready.
[2018-03-26 21:43:39,710: DEBUG/MainProcess] basic.qos: prefetch_count->4
[2018-03-26 21:43:39,822: DEBUG/MainProcess] celery@calmyan joined the party
[2018-03-26 21:43:41,302: DEBUG/MainProcess] w1@calmyan joined the party
[2018-03-26 21:44:11,901: DEBUG/MainProcess] w2@calmyan joined the party
[2018-03-26 21:44:11,923: DEBUG/MainProcess] pidbox received method hello(from_node='w2@calmyan', revoked={}) [reply_to:{'exchange': 'reply.celery.pidbox', 'routing_key': '3e59a841-26e2-3323-a18f-2dd4f5f51079'} ticket:0f997667-cf7f-4dbd-ad09-8e52204e13e4]
[2018-03-26 21:44:11,923: INFO/MainProcess] sync with w2@calmyan
[2018-03-26 21:44:34,715: INFO/MainProcess] missed heartbeat from celery@calmyan
[2018-03-26 21:46:07,673: DEBUG/MainProcess] w21@calmyan joined the party
[2018-03-26 21:46:07,694: DEBUG/MainProcess] pidbox received method hello(from_node='w21@calmyan', revoked={}) [reply_to:{'exchange': 'reply.celery.pidbox', 'routing_key': '83811c59-25f5-31e9-b760-5480c48eab28'} ticket:6e2767d2-e0a6-4606-827b-376897eedd42]
[2018-03-26 21:46:07,695: INFO/MainProcess] sync with w21@calmyan
[2018-03-26 21:46:54,515: DEBUG/MainProcess] pidbox received method hello(from_node='w6@calmyan', revoked={}) [reply_to:{'exchange': 'reply.celery.pidbox', 'routing_key': 'c4c2278c-9134-3fc1-b378-e2b7007a96d7'} ticket:c628f236-1d91-4ac8-a8b5-8d23c77c857f]
[2018-03-26 21:46:54,515: INFO/MainProcess] sync with w6@calmyan
[2018-03-26 21:46:55,542: DEBUG/MainProcess] w6@calmyan joined the party
[2018-03-27 08:53:23,292: DEBUG/MainProcess] w1@calmyan left
[2018-03-27 08:53:23,304: DEBUG/MainProcess] w2@calmyan left
[2018-03-27 08:53:26,296: DEBUG/MainProcess] w2@calmyan joined the party
[2018-03-27 08:53:26,316: DEBUG/MainProcess] pidbox received method hello(from_node='w2@calmyan', revoked={}) [reply_to:{'exchange': 'reply.celery.pidbox', 'routing_key': '33c82559-231f-30b1-89e3-f16499b03c62'} ticket:80c5e1a5-0ddc-4c56-83a2-f75bd7be05b7]
[2018-03-27 08:53:26,317: INFO/MainProcess] sync with w2@calmyan
[2018-03-27 08:53:28,769: DEBUG/MainProcess] pidbox received method hello(from_node='w1@calmyan', revoked={}) [reply_to:{'exchange': 'reply.celery.pidbox', 'routing_key': 'faa5aa66-d19a-3cec-9146-ddc63f2325e1'} ticket:eb573354-0c3c-498a-9a3c-3442acc96084]
[2018-03-27 08:53:28,769: INFO/MainProcess] sync with w1@calmyan
[2018-03-27 08:53:29,798: DEBUG/MainProcess] w1@calmyan joined the party
[2018-03-27 08:56:28,136: DEBUG/MainProcess] w1@calmyan left
[2018-03-27 08:56:28,149: DEBUG/MainProcess] w2@calmyan left
[2018-03-27 08:56:43,386: DEBUG/MainProcess] w6@calmyan left
[2018-03-27 08:56:43,395: DEBUG/MainProcess] w21@calmyan left
[2018-03-27 08:57:56,088: DEBUG/MainProcess] | Worker: Closing Hub...
[2018-03-27 08:57:56,089: DEBUG/MainProcess] | Worker: Closing Pool...
[2018-03-27 08:57:56,089: DEBUG/MainProcess] | Worker: Closing Consumer...
[2018-03-27 08:57:56,089: DEBUG/MainProcess] | Worker: Stopping Consumer...
[2018-03-27 08:57:56,089: DEBUG/MainProcess] | Consumer: Closing Connection...
[2018-03-27 08:57:56,089: DEBUG/MainProcess] | Consumer: Closing Events...
[2018-03-27 08:57:56,090: DEBUG/MainProcess] | Consumer: Closing Heart...
[2018-03-27 08:57:56,090: DEBUG/MainProcess] | Consumer: Closing Mingle...
[2018-03-27 08:57:56,090: DEBUG/MainProcess] | Consumer: Closing Gossip...
[2018-03-27 08:57:56,090: DEBUG/MainProcess] | Consumer: Closing Tasks...
[2018-03-27 08:57:56,090: DEBUG/MainProcess] | Consumer: Closing Control...
[2018-03-27 08:57:56,090: DEBUG/MainProcess] | Consumer: Closing event loop...
[2018-03-27 08:57:56,090: DEBUG/MainProcess] | Consumer: Stopping event loop...
[2018-03-27 08:57:56,090: DEBUG/MainProcess] | Consumer: Stopping Control...
[2018-03-27 08:57:56,094: DEBUG/MainProcess] | Consumer: Stopping Tasks...
[2018-03-27 08:57:56,095: DEBUG/MainProcess] Canceling task consumer...
[2018-03-27 08:57:56,096: DEBUG/MainProcess] | Consumer: Stopping Gossip...
[2018-03-27 08:57:56,098: DEBUG/MainProcess] | Consumer: Stopping Mingle...
[2018-03-27 08:57:56,098: DEBUG/MainProcess] | Consumer: Stopping Heart...
[2018-03-27 08:57:56,100: DEBUG/MainProcess] | Consumer: Stopping Events...
[2018-03-27 08:57:56,100: DEBUG/MainProcess] | Consumer: Stopping Connection...
[2018-03-27 08:57:56,100: DEBUG/MainProcess] | Worker: Stopping Pool...
[2018-03-27 08:57:57,104: DEBUG/MainProcess] | Worker: Stopping Hub...
[2018-03-27 08:57:57,104: DEBUG/MainProcess] | Consumer: Shutdown Control...
[2018-03-27 08:57:57,104: DEBUG/MainProcess] | Consumer: Shutdown Tasks...
[2018-03-27 08:57:57,104: DEBUG/MainProcess] Canceling task consumer...
[2018-03-27 08:57:57,104: DEBUG/MainProcess] Closing consumer channel...
[2018-03-27 08:57:57,105: DEBUG/MainProcess] | Consumer: Shutdown Gossip...
[2018-03-27 08:57:57,105: DEBUG/MainProcess] | Consumer: Shutdown Heart...
[2018-03-27 08:57:57,105: DEBUG/MainProcess] | Consumer: Shutdown Events...
[2018-03-27 08:57:57,105: DEBUG/MainProcess] | Consumer: Shutdown Connection...
[2018-03-27 08:57:57,106: DEBUG/MainProcess] removing tasks from inqueue until task handler finished
